2024-05-01T00:00:34.730+09:00  INFO 8972 --- [3-12] [File Watcher] rtingClassPathChangeChangedEventListener : Restarting due to 2 class path changes (1 addition, 0 deletions, 1 modification)
2024-05-01T00:00:34.848+09:00  INFO 8972 --- [3-12] [Thread-15] j.LocalContainerEntityManagerFactoryBean : Closing JPA EntityManagerFactory for persistence unit 'default'
2024-05-01T00:00:34.863+09:00  INFO 8972 --- [3-12] [Thread-15] com.zaxxer.hikari.HikariDataSource       : HikariPool-4 - Shutdown initiated...
2024-05-01T00:00:34.875+09:00  INFO 8972 --- [3-12] [Thread-15] com.zaxxer.hikari.HikariDataSource       : HikariPool-4 - Shutdown completed.
2024-05-01T00:00:35.169+09:00  INFO 8972 --- [3-12] [restartedMain] com.example.demo.Application             : Starting Application using Java 17.0.7 with PID 8972 (C:\LetsEngineer\MiddleSkill\3-12\target\classes started by Mai in C:\LetsEngineer\MiddleSkill\3-12)
2024-05-01T00:00:35.171+09:00 DEBUG 8972 --- [3-12] [restartedMain] com.example.demo.Application             : Running with Spring Boot v3.2.4, Spring v6.1.5
2024-05-01T00:00:35.172+09:00  INFO 8972 --- [3-12] [restartedMain] com.example.demo.Application             : No active profile set, falling back to 1 default profile: "default"
2024-05-01T00:00:35.890+09:00  INFO 8972 --- [3-12] [restartedMain] .s.d.r.c.RepositoryConfigurationDelegate : Multiple Spring Data modules found, entering strict repository configuration mode
2024-05-01T00:00:35.891+09:00  INFO 8972 --- [3-12] [restartedMain] .s.d.r.c.RepositoryConfigurationDelegate : Bootstrapping Spring Data JDBC repositories in DEFAULT mode.
2024-05-01T00:00:35.911+09:00  INFO 8972 --- [3-12] [restartedMain] .RepositoryConfigurationExtensionSupport : Spring Data JDBC - Could not safely identify store assignment for repository candidate interface com.example.demo.repository.MemberRepository; If you want this repository to be a JDBC repository, consider annotating your entities with one of these annotations: org.springframework.data.relational.core.mapping.Table.
2024-05-01T00:00:35.912+09:00  INFO 8972 --- [3-12] [restartedMain] .s.d.r.c.RepositoryConfigurationDelegate : Finished Spring Data repository scanning in 19 ms. Found 0 JDBC repository interfaces.
2024-05-01T00:00:35.937+09:00  INFO 8972 --- [3-12] [restartedMain] .s.d.r.c.RepositoryConfigurationDelegate : Multiple Spring Data modules found, entering strict repository configuration mode
2024-05-01T00:00:35.938+09:00  INFO 8972 --- [3-12] [restartedMain] .s.d.r.c.RepositoryConfigurationDelegate : Bootstrapping Spring Data JPA repositories in DEFAULT mode.
2024-05-01T00:00:35.951+09:00  INFO 8972 --- [3-12] [restartedMain] .s.d.r.c.RepositoryConfigurationDelegate : Finished Spring Data repository scanning in 12 ms. Found 1 JPA repository interface.
2024-05-01T00:00:36.608+09:00  INFO 8972 --- [3-12] [restartedMain] o.s.b.w.embedded.tomcat.TomcatWebServer  : Tomcat initialized with port 8080 (http)
2024-05-01T00:00:36.611+09:00  INFO 8972 --- [3-12] [restartedMain] o.apache.catalina.core.StandardService   : Starting service [Tomcat]
2024-05-01T00:00:36.612+09:00  INFO 8972 --- [3-12] [restartedMain] o.apache.catalina.core.StandardEngine    : Starting Servlet engine: [Apache Tomcat/10.1.19]
2024-05-01T00:00:36.698+09:00  INFO 8972 --- [3-12] [restartedMain] o.a.c.c.C.[Tomcat].[localhost].[/]       : Initializing Spring embedded WebApplicationContext
2024-05-01T00:00:36.698+09:00  INFO 8972 --- [3-12] [restartedMain] w.s.c.ServletWebServerApplicationContext : Root WebApplicationContext: initialization completed in 1521 ms
2024-05-01T00:00:36.895+09:00  INFO 8972 --- [3-12] [restartedMain] com.zaxxer.hikari.HikariDataSource       : HikariPool-5 - Starting...
2024-05-01T00:00:37.317+09:00  INFO 8972 --- [3-12] [restartedMain] com.zaxxer.hikari.pool.HikariPool        : HikariPool-5 - Added connection org.postgresql.jdbc.PgConnection@64a34b88
2024-05-01T00:00:37.319+09:00  INFO 8972 --- [3-12] [restartedMain] com.zaxxer.hikari.HikariDataSource       : HikariPool-5 - Start completed.
2024-05-01T00:00:37.326+09:00  INFO 8972 --- [3-12] [restartedMain] o.hibernate.jpa.internal.util.LogHelper  : HHH000204: Processing PersistenceUnitInfo [name: default]
2024-05-01T00:00:37.342+09:00  INFO 8972 --- [3-12] [restartedMain] o.h.c.internal.RegionFactoryInitiator    : HHH000026: Second-level cache disabled
2024-05-01T00:00:37.384+09:00  INFO 8972 --- [3-12] [restartedMain] o.s.o.j.p.SpringPersistenceUnitInfo      : No LoadTimeWeaver setup: ignoring JPA class transformer
2024-05-01T00:00:37.696+09:00  INFO 8972 --- [3-12] [restartedMain] o.h.e.t.j.p.i.JtaPlatformInitiator       : HHH000489: No JTA platform available (set 'hibernate.transaction.jta.platform' to enable JTA platform integration)
2024-05-01T00:00:37.698+09:00  INFO 8972 --- [3-12] [restartedMain] j.LocalContainerEntityManagerFactoryBean : Initialized JPA EntityManagerFactory for persistence unit 'default'
2024-05-01T00:00:37.867+09:00  WARN 8972 --- [3-12] [restartedMain] JpaBaseConfiguration$JpaWebConfiguration : spring.jpa.open-in-view is enabled by default. Therefore, database queries may be performed during view rendering. Explicitly configure spring.jpa.open-in-view to disable this warning
2024-05-01T00:00:38.170+09:00  INFO 8972 --- [3-12] [restartedMain] o.s.b.d.a.OptionalLiveReloadServer       : LiveReload server is running on port 35729
2024-05-01T00:00:38.201+09:00  INFO 8972 --- [3-12] [restartedMain] o.s.b.w.embedded.tomcat.TomcatWebServer  : Tomcat started on port 8080 (http) with context path ''
2024-05-01T00:00:38.209+09:00  INFO 8972 --- [3-12] [restartedMain] com.example.demo.Application             : Started Application in 3.111 seconds (process running for 12242.77)
2024-05-01T00:00:38.213+09:00  INFO 8972 --- [3-12] [restartedMain] .ConditionEvaluationDeltaLoggingListener : Condition evaluation unchanged
2024-05-01T00:00:43.449+09:00  INFO 8972 --- [3-12] [http-nio-8080-exec-1] o.a.c.c.C.[Tomcat].[localhost].[/]       : Initializing Spring DispatcherServlet 'dispatcherServlet'
2024-05-01T00:00:43.449+09:00  INFO 8972 --- [3-12] [http-nio-8080-exec-1] o.s.web.servlet.DispatcherServlet        : Initializing Servlet 'dispatcherServlet'
2024-05-01T00:00:43.451+09:00  INFO 8972 --- [3-12] [http-nio-8080-exec-1] o.s.web.servlet.DispatcherServlet        : Completed initialization in 2 ms
2024-05-01T00:17:08.369+09:00  WARN 8972 --- [3-12] [HikariPool-5 housekeeper] com.zaxxer.hikari.pool.HikariPool        : HikariPool-5 - Thread starvation or clock leap detected (housekeeper delta=4m30s722ms483µs).
2024-05-01T08:00:35.026+09:00  WARN 8972 --- [3-12] [HikariPool-5 housekeeper] com.zaxxer.hikari.pool.HikariPool        : HikariPool-5 - Thread starvation or clock leap detected (housekeeper delta=7h33m26s486ms762µs400ns).
2024-05-01T08:02:30.894+09:00  INFO 8972 --- [3-12] [RMI TCP Connection(72)-127.0.0.1] inMXBeanRegistrar$SpringApplicationAdmin : Application shutdown requested.
2024-05-01T08:02:31.104+09:00  INFO 8972 --- [3-12] [RMI TCP Connection(72)-127.0.0.1] j.LocalContainerEntityManagerFactoryBean : Closing JPA EntityManagerFactory for persistence unit 'default'
2024-05-01T08:02:31.160+09:00  INFO 8972 --- [3-12] [RMI TCP Connection(72)-127.0.0.1] com.zaxxer.hikari.HikariDataSource       : HikariPool-5 - Shutdown initiated...
2024-05-01T08:02:31.175+09:00  INFO 8972 --- [3-12] [RMI TCP Connection(72)-127.0.0.1] com.zaxxer.hikari.HikariDataSource       : HikariPool-5 - Shutdown completed.
